C51 COMPILER V9.01   CODEMM                                                                08/20/2020 19:51:22 PAGE 1   


C51 COMPILER V9.01, COMPILATION OF MODULE CODEMM
OBJECT MODULE PLACED IN codemm.OBJ
COMPILER INVOKED BY: F:\keil51\C51\BIN\C51.EXE codemm.c LARGE OPTIMIZE(0,SPEED) BROWSE DEBUG OBJECTEXTEND

line level    source

   1          #include "reg52.h"
   2          #include "codemm.h"
   3          #include "i2c.h"
   4          #include <intrins.h>
   5          #include <stdlib.h>
   6          
   7          #define RAND_BIT        6 //随机码位数
   8          
   9          
  10          
  11          
  12          void codegenerate(u8 array_temp[],u8 rand_bit,u8 feedseed)
  13          {       u8 i = 0;
  14   1              srand(feedseed); //随机数初始化
  15   1              for(i = 0;i < rand_bit;i++)     //采集几次随机数
  16   1              {
  17   2                      array_temp[i] = (u8)(rand()%10); //取随机数
  18   2              }
  19   1      }
  20          
  21          
  22          void codesave(u8 dtpw[])
  23          {   /*u8 dtpw[]={6,6,6,6,6,6,0,0,0,0};*/
  24   1      int i,j=0;
  25   1      for(j=0;j<6;j++)
  26   1                      {
  27   2                              At24c02Write(j+2,dtpw[j]);
  28   2                 for(i=100;i>0;i--);
  29   2            //写生成的密码至EEPROM
  30   2      
  31   2                      }
  32   1      At24c02Write(10,1);
  33   1      }
  34          
  35          int cyphernum(u8 feedseed)
  36          {       int i;
  37   1              srand(feedseed);
  38   1              i=rand()%3;
  39   1              return i;
  40   1      }


MODULE INFORMATION:   STATIC OVERLAYABLE
   CODE SIZE        =    295    ----
   CONSTANT SIZE    =   ----    ----
   XDATA SIZE       =     16    ----
   PDATA SIZE       =   ----    ----
   DATA SIZE        =   ----    ----
   IDATA SIZE       =   ----    ----
   BIT SIZE         =   ----    ----
END OF MODULE INFORMATION.


C51 COMPILATION COMPLETE.  0 WARNING(S),  0 ERROR(S)
