C51 COMPILER V9.01   KEY                                                                   08/20/2020 19:51:21 PAGE 1   


C51 COMPILER V9.01, COMPILATION OF MODULE KEY
OBJECT MODULE PLACED IN key.OBJ
COMPILER INVOKED BY: F:\keil51\C51\BIN\C51.EXE key.c LARGE OPTIMIZE(0,SPEED) BROWSE DEBUG OBJECTEXTEND

line level    source

   1          #include "key.h"
   2          
   3          u8 KeyValue=0;
   4          
   5          
   6          
   7          /*******************************************************************************
   8          
   9          *******************************************************************************/
  10          void delay(u16 i)
  11          {
  12   1              while(i--);     
  13   1      }
  14          
  15          /*******************************************************************************
  16          
  17          *******************************************************************************/
  18          u8 KeyDown(void)
  19          {
  20   1              char a=0;
  21   1              GPIO_KEY=0x0f;
  22   1      
  23   1              if(GPIO_KEY!=0x0f)//有按键按下
  24   1              {
  25   2                      delay(1000);//延时10ms去抖
  26   2                      if(GPIO_KEY!=0x0f)//有按键按下
  27   2                      {       
  28   3                              
  29   3                              GPIO_KEY=0X0F;
  30   3                              switch(GPIO_KEY)
  31   3                              {
  32   4                                      case(0X07):     KeyValue=1;break;
  33   4                                      case(0X0b):     KeyValue=2;break;
  34   4                                      case(0X0d): KeyValue=3;break;
  35   4                                      case(0X0e):     KeyValue=13;break;
  36   4                              }
  37   3                              
  38   3                              GPIO_KEY=0XF0;
  39   3                              switch(GPIO_KEY)
  40   3                              {
  41   4                                      case(0X70):     KeyValue=KeyValue;break;
  42   4                                      case(0Xb0):     KeyValue=KeyValue+3;break;
  43   4                                      case(0Xd0): KeyValue=KeyValue+6;break;
  44   4                                      case(0Xe0):     if(KeyValue==2){KeyValue=-9;}KeyValue=KeyValue+9;break;
  45   4                              }
  46   3                              while((a<50)&&(GPIO_KEY!=0xf0))  
  47   3                              {
  48   4                                      delay(1000);
  49   4                                      a++;
  50   4                              }
  51   3                               
  52   3                      }
  53   2              }
  54   1              else
  55   1              {
C51 COMPILER V9.01   KEY                                                                   08/20/2020 19:51:21 PAGE 2   

  56   2                      KeyValue=0xff;  //无按键按下
  57   2              }
  58   1              
  59   1              return KeyValue;  //返回KeyValue
  60   1      }


MODULE INFORMATION:   STATIC OVERLAYABLE
   CODE SIZE        =    240    ----
   CONSTANT SIZE    =   ----    ----
   XDATA SIZE       =      4    ----
   PDATA SIZE       =   ----    ----
   DATA SIZE        =   ----    ----
   IDATA SIZE       =   ----    ----
   BIT SIZE         =   ----    ----
END OF MODULE INFORMATION.


C51 COMPILATION COMPLETE.  0 WARNING(S),  0 ERROR(S)
