C51 COMPILER V9.01   LCD                                                                   08/20/2020 19:51:21 PAGE 1   


C51 COMPILER V9.01, COMPILATION OF MODULE LCD
OBJECT MODULE PLACED IN lcd.OBJ
COMPILER INVOKED BY: F:\keil51\C51\BIN\C51.EXE lcd.c LARGE OPTIMIZE(0,SPEED) BROWSE DEBUG OBJECTEXTEND

line level    source

   1          #include "lcd.h"
   2          
   3          
   4          uchar i;
   5          /*******************************************************************************
   6          * 函 数 名         : Lcd1602_Delay1ms
   7          * 函数功能                 : 延时函数，延时1ms
   8          * 输    入         : c
   9          * 输    出         : 无
  10          * 说    名         : 该函数是在12MHZ晶振下，12分频单片机的延时。
  11          *******************************************************************************/
  12          
  13          void Lcd1602_Delay1ms(uint c)   //误差 0us
  14          {
  15   1          uchar a,b;
  16   1              for (; c>0; c--)
  17   1              {
  18   2                       for (b=199;b>0;b--)
  19   2                       {
  20   3                              for(a=1;a>0;a--);
  21   3                       }      
  22   2              }
  23   1              
  24   1      }
  25          
  26          /*******************************************************************************
  27          * 函 数 名         : LcdWriteCom
  28          * 函数功能                 : 向LCD写入一个字节的命令
  29          * 输    入         : com
  30          * 输    出         : 无
  31          *******************************************************************************/
  32          #ifndef         LCD1602_4PINS    //当没有定义这个LCD1602_4PINS时
  33          void LcdWriteCom(uchar com)       //写入命令
  34          {
  35   1              LCD1602_E = 0;     //使能
  36   1              LCD1602_RS = 0;    //选择发送命令
  37   1              LCD1602_RW = 0;    //选择写入
  38   1              
  39   1              LCD1602_DATAPINS = com;     //放入命令
  40   1              Lcd1602_Delay1ms(1);            //等待数据稳定
  41   1      
  42   1              LCD1602_E = 1;            //写入时序
  43   1              Lcd1602_Delay1ms(5);      //保持时间
  44   1              LCD1602_E = 0;
  45   1      }
  46          #else 
              void LcdWriteCom(uchar com)       //写入命令
              {
                      LCD1602_E = 0;   //使能清零
                      LCD1602_RS = 0;  //选择写入命令
                      LCD1602_RW = 0;  //选择写入
              
                      LCD1602_DATAPINS = com; //由于4位的接线是接到P0口的高四位，所以传送高四位不用改
                      Lcd1602_Delay1ms(1);
              
C51 COMPILER V9.01   LCD                                                                   08/20/2020 19:51:21 PAGE 2   

                      LCD1602_E = 1;   //写入时序
                      Lcd1602_Delay1ms(5);
                      LCD1602_E = 0;
              
                      LCD1602_DATAPINS = com << 4; //发送低四位
                      Lcd1602_Delay1ms(1);
              
                      LCD1602_E = 1;   //写入时序
                      Lcd1602_Delay1ms(5);
                      LCD1602_E = 0;
              }
              #endif
  68          /*******************************************************************************
  69          * 函 数 名         : LcdWriteData
  70          * 函数功能                 : 向LCD写入一个字节的数据
  71          * 输    入         : dat
  72          * 输    出         : 无
  73          *******************************************************************************/                   
  74          #ifndef         LCD1602_4PINS              
  75          void LcdWriteData(uchar dat)                    //写入数据
  76          {
  77   1              LCD1602_E = 0;  //使能清零
  78   1              LCD1602_RS = 1; //选择输入数据
  79   1              LCD1602_RW = 0; //选择写入
  80   1      
  81   1              LCD1602_DATAPINS = dat; //写入数据
  82   1              Lcd1602_Delay1ms(1);
  83   1      
  84   1              LCD1602_E = 1;   //写入时序
  85   1              Lcd1602_Delay1ms(5);   //保持时间
  86   1              LCD1602_E = 0;
  87   1      }
  88          #else
              void LcdWriteData(uchar dat)                    //写入数据
              {
                      LCD1602_E = 0;    //使能清零
                      LCD1602_RS = 1;   //选择写入数据
                      LCD1602_RW = 0;   //选择写入
              
                      LCD1602_DATAPINS = dat; //由于4位的接线是接到P0口的高四位，所以传送高四位不用改
                      Lcd1602_Delay1ms(1);
              
                      LCD1602_E = 1;    //写入时序
                      Lcd1602_Delay1ms(5);
                      LCD1602_E = 0;
              
                      LCD1602_DATAPINS = dat << 4; //写入低四位
                      Lcd1602_Delay1ms(1);
              
                      LCD1602_E = 1;    //写入时序
                      Lcd1602_Delay1ms(5);
                      LCD1602_E = 0;
              }
              #endif
 110          /**********************************************************************
 111          
 112          ***********************************************************************/
 113          
 114          /*****************************************************************************
 115          函数名      ：
 116          函数功能                ：显示*
 117          **********************************************************************************/
C51 COMPILER V9.01   LCD                                                                   08/20/2020 19:51:21 PAGE 3   

 118          
 119          /******************************************************************************/
 120          
 121          /****************************************************************************/
 122          
 123          /**************************************************
 124          字符串显示函数
 125          Coordinate   高四位显示坐标的X，第四位显示坐标的Y
 126          如在第一行从第一位开始显示 hello： ShowString (0x01,“hello”);
 127          ************************************************/
 128          
 129          
 130           void ShowString (unsigned char Coordinate,char *ptr)
 131           {
 132   1      
 133   1                if(Coordinate<=0x0f)   //高四位为0，显示第一行
 134   1                              {
 135   2                                      LcdWriteCom((Coordinate&0x0f)+0x80);
 136   2                                      while(*ptr!='\0')
 137   2                                      {
 138   3                                              LcdWriteData(*ptr);     
 139   3                                              ptr++;
 140   3                                      }
 141   2                              }
 142   1                      else                   //高四位为1，显示第2行
 143   1                              { 
 144   2                                      LcdWriteCom((Coordinate&0x0f)+0xc0);
 145   2                                      
 146   2                                      while(*ptr!='\0')
 147   2                                      {
 148   3                                              LcdWriteData(*ptr);     
 149   3                                              ptr++;
 150   3                                      }
 151   2                              }
 152   1       }
 153          /**************************************************************************/
 154          
 155          /*******************************************************************************
 156          * 函 数 名       : LcdInit()
 157          * 函数功能               : 初始化LCD屏
 158          * 输    入       : 无
 159          * 输    出       : 无
 160          *******************************************************************************/                   
 161          #ifndef         LCD1602_4PINS
 162          void LcdInit()                                            //LCD初始化子程序
 163          {
 164   1              LcdWriteCom(0x38);  //开显示
 165   1              LcdWriteCom(0x0c);  //开显示不显示光标
 166   1              LcdWriteCom(0x06);  //写一个指针加1
 167   1              LcdWriteCom(0x01);  //清屏
 168   1              LcdWriteCom(0x80);  //设置数据指针起点
 169   1      }
 170          #else
              void LcdInit()                                            //LCD初始化子程序
              {
                      LcdWriteCom(0x32);       //将8位总线转为4位总线
                      LcdWriteCom(0x28);       //在四位线下的初始化
                      LcdWriteCom(0x0c);  //开显示不显示光标
                      LcdWriteCom(0x06);  //写一个指针加1
                      LcdWriteCom(0x01);  //清屏
                      LcdWriteCom(0x80);  //设置数据指针起点
              }
C51 COMPILER V9.01   LCD                                                                   08/20/2020 19:51:21 PAGE 4   

              #endif


MODULE INFORMATION:   STATIC OVERLAYABLE
   CODE SIZE        =    349    ----
   CONSTANT SIZE    =   ----    ----
   XDATA SIZE       =     11    ----
   PDATA SIZE       =   ----    ----
   DATA SIZE        =   ----    ----
   IDATA SIZE       =   ----    ----
   BIT SIZE         =   ----    ----
END OF MODULE INFORMATION.


C51 COMPILATION COMPLETE.  0 WARNING(S),  0 ERROR(S)
